system          > 
system          > ConTeXt  ver: 2024.04.01 08:59 LMTX  fmt: 2024.4.7  int: english/english
system          > 
system          > 'cont-new.mkxl' loaded
open source     > level 1, order 1, name 'D:/venvs/context-win64/tex/texmf-context/tex/context/base/mkxl/cont-new.mkxl'
system          > beware: some patches loaded from cont-new.mkiv
close source    > level 1, order 1, name 'D:/venvs/context-win64/tex/texmf-context/tex/context/base/mkxl/cont-new.mkxl'
system          > files > jobname 'd:/ah21/TEX/ConTeXt-template-for-slide/slide', input 'd:/ah21/TEX/ConTeXt-template-for-slide/slide.lmtx', result 'd:/ah21/TEX/ConTeXt-template-for-slide/slide'
fonts           > latin modern fonts are not preloaded
languages       > language 'en' is active
open source     > level 1, order 2, name 'd:/ah21/TEX/ConTeXt-template-for-slide/slide.lmtx'
open source     > level 2, order 3, name 'envs/env_slide.tex'
open source     > level 3, order 4, name 'D:/venvs/context-win64/tex/texmf-context/tex/context/base/mkiv/colo-imp-crayola.mkiv'
close source    > level 3, order 4, name 'D:/venvs/context-win64/tex/texmf-context/tex/context/base/mkiv/colo-imp-crayola.mkiv'
colors          > system 'crayola' is loaded
close source    > level 2, order 4, name 'envs/env_slide.tex'
open source     > level 2, order 5, name 'envs/type-imp-student.mkiv'
close source    > level 2, order 5, name 'envs/type-imp-student.mkiv'
fonts           > bodyfont '30pt' is defined (can better be done global (maybe use \usebodyfont)
fonts           > preloading modern (math)
fonts           > 'fallback modern mm 30pt' is loaded
fonts           > defining > font 'simhei', feature 'vert', script 'hani', no language 'dflt'
structures      > bookmark: 儿童识字的 15 个问题
structure       > sectioning > title @ level 2 : 0.0 -> \tfb 儿童识字的 \color [white]{\bfd 15} 个问题
structures      > bookmark: 为什么说陪伴孩子读书是最好的识字方法？
structure       > sectioning > chapter @ level 2 : 0.1 -> \tfb 为什么说陪伴孩子读书是最好的识字方法？
metapost        > initializing instance 'metafun:1' using format 'metafun' and method 'double'
metapost        > loading 'metafun' as 'D:/venvs/context-win64/tex/texmf-context/metapost/context/base/mpxl/metafun.mpxl' using method 'double'
metapost        > initializing number mode 'double'
metapost        > trace > This is MPLIB for LuaMetaTeX, version 3.15, running in double mode.
metapost        > trace > 
metapost        > trace > loading metafun for lmtx, including the plain 1.004 base definitions
metapost        > trace > 
pages           > flushing realpage 1, userpage 1, subpage 1
pages           > flushing realpage 2, userpage 2, subpage 2
pages           > flushing realpage 3, userpage 3, subpage 3
structures      > bookmark: 怎么给孩子读书孩子才会识字？
structure       > sectioning > chapter @ level 2 : 0.2 -> \tfb 怎么给孩子读书孩子才会识字？
structures      > bookmark: 怎么给孩子读书孩子才会识字？
structure       > sectioning > title @ level 2 : 0.2 -> \tfb 怎么给孩子读书孩子才会识字？
pages           > flushing realpage 4, userpage 4, subpage 4
pages           > flushing realpage 5, userpage 5, subpage 5
pages           > flushing realpage 6, userpage 6, subpage 6
structures      > bookmark: 怎么给孩子读书孩子才会识字？
structure       > sectioning > title @ level 2 : 0.2 -> \tfb 怎么给孩子读书孩子才会识字？
structures      > bookmark: 怎么给孩子读书孩子才会识字？
structure       > sectioning > title @ level 2 : 0.2 -> \tfb 怎么给孩子读书孩子才会识字？
structures      > bookmark: 怎么给孩子读书孩子才会识字？
structure       > sectioning > title @ level 2 : 0.2 -> \tfb 怎么给孩子读书孩子才会识字？
pages           > flushing realpage 7, userpage 7, subpage 7
pages           > flushing realpage 8, userpage 8, subpage 8
pages           > flushing realpage 9, userpage 9, subpage 9
structures      > bookmark: 怎样在生活中教孩子识字？
structure       > sectioning > chapter @ level 2 : 0.3 -> \tfb 怎样在生活中教孩子识字？
pages           > flushing realpage 10, userpage 10, subpage 10
pages           > flushing realpage 11, userpage 11, subpage 11
pages           > flushing realpage 12, userpage 12, subpage 12
structures      > bookmark: 怎样在生活中教孩子识字？
structure       > sectioning > title @ level 2 : 0.3 -> \tfb 怎样在生活中教孩子识字？
structures      > bookmark: 怎样在生活中教孩子识字？
structure       > sectioning > title @ level 2 : 0.3 -> \tfb 怎样在生活中教孩子识字？
structures      > bookmark: 怎样在生活中教孩子识字？
structure       > sectioning > title @ level 2 : 0.3 -> \tfb 怎样在生活中教孩子识字？
pages           > flushing realpage 13, userpage 13, subpage 13
pages           > flushing realpage 14, userpage 14, subpage 14
pages           > flushing realpage 15, userpage 15, subpage 15
pages           > flushing realpage 16, userpage 16, subpage 16
pages           > flushing realpage 17, userpage 17, subpage 17
pages           > flushing realpage 18, userpage 18, subpage 18
structures      > bookmark: 识字要有用
structure       > sectioning > title @ level 2 : 0.3 -> \tfb 识字要有用\notefromstep [6]{有意义}
structures      > bookmark: 识字要有用
structure       > sectioning > title @ level 2 : 0.3 -> \tfb 识字要有用\notefromstep [6]{有意义}
structures      > bookmark: 识字要有用
structure       > sectioning > title @ level 2 : 0.3 -> \tfb 识字要有用\notefromstep [6]{有意义}
pages           > flushing realpage 19, userpage 19, subpage 19
pages           > flushing realpage 20, userpage 20, subpage 20
pages           > flushing realpage 21, userpage 21, subpage 21
structures      > bookmark: 识字要有用
structure       > sectioning > title @ level 2 : 0.3 -> \tfb 识字要有用\notefromstep [6]{有意义}
structures      > bookmark: 识字要有用
structure       > sectioning > title @ level 2 : 0.3 -> \tfb 识字要有用\notefromstep [6]{有意义}
structures      > bookmark: 识字要有用有意义
structure       > sectioning > title @ level 2 : 0.3 -> \tfb 识字要有用\notefromstep [6]{有意义}
pages           > flushing realpage 22, userpage 22, subpage 22
pages           > flushing realpage 23, userpage 23, subpage 23
pages           > flushing realpage 24, userpage 24, subpage 24
pages           > flushing realpage 25, userpage 25, subpage 25
pages           > flushing realpage 26, userpage 26, subpage 26
pages           > flushing realpage 27, userpage 27, subpage 27
close source    > level 1, order 5, name 'd:/ah21/TEX/ConTeXt-template-for-slide/slide.lmtx'
backend         > xmp > using file 'D:/venvs/context-win64/tex/texmf-context/tex/context/base/mkiv/lpdf-pdx.xml'
system          > start used files
system          > text: slide
system          >   environment: \definemode [highlightcurrentstep]
system          > stop used files
system          > start used files
system          >    1: filename=publ-imp-default.lua filetype=lua foundname=D:/venvs/context-win64/tex/texmf-context/tex/context/base/mkiv/publ-imp-default.lua fullname=D:/venvs/context-win64/tex/texmf-context/tex/context/base/mkiv/publ-imp-default.lua usedmethod=database
system          >    2: filename=cont-new.mkxl filetype=tex foundname=D:/venvs/context-win64/tex/texmf-context/tex/context/base/mkxl/cont-new.mkxl fullname=D:/venvs/context-win64/tex/texmf-context/tex/context/base/mkxl/cont-new.mkxl usedmethod=database
system          >    3: filename=lang-exc.lua filetype=lua foundname=D:/venvs/context-win64/tex/texmf-context/tex/context/base/mkiv/lang-exc.lua fullname=D:/venvs/context-win64/tex/texmf-context/tex/context/base/mkiv/lang-exc.lua usedmethod=database
system          >    4: filename=lang-us.lua filetype=lua foundname=D:/venvs/context-win64/tex/texmf-context/tex/context/patterns/mkiv/lang-us.lua fullname=D:/venvs/context-win64/tex/texmf-context/tex/context/patterns/mkiv/lang-us.lua usedmethod=database
system          >    5: filename=d:/ah21/TEX/ConTeXt-template-for-slide/slide.lmtx format=tex foundname=d:/ah21/TEX/ConTeXt-template-for-slide/slide.lmtx fullname=d:/ah21/TEX/ConTeXt-template-for-slide/slide.lmtx usedmethod=direct
system          >    6: filename=envs/env_slide.tex foundname=envs/env_slide.tex fullname=D:/ah21/TEX/ConTeXt-template-for-slide/envs/env_slide.tex usedmethod=direct
system          >    7: filename=colo-imp-crayola.mkiv filetype=tex foundname=D:/venvs/context-win64/tex/texmf-context/tex/context/base/mkiv/colo-imp-crayola.mkiv fullname=D:/venvs/context-win64/tex/texmf-context/tex/context/base/mkiv/colo-imp-crayola.mkiv usedmethod=database
system          >    8: filename=envs/type-imp-student.mkiv foundname=envs/type-imp-student.mkiv fullname=D:/ah21/TEX/ConTeXt-template-for-slide/envs/type-imp-student.mkiv usedmethod=direct
system          >    9: filename=lm.lfg filetype=tex foundname=D:/venvs/context-win64/tex/texmf-context/tex/context/fonts/mkiv/lm.lfg fullname=D:/venvs/context-win64/tex/texmf-context/tex/context/fonts/mkiv/lm.lfg usedmethod=database
system          >   10: filename=simkai.ttf filetype=ttf format=ttf foundname=c:/windows/fonts/simkai.ttf fullname=c:/windows/fonts/simkai.ttf usedmethod=filesystem
system          >   11: filename=latinmodern-math.otf filetype=otf format=otf foundname=D:/venvs/context-win64/tex/texmf/fonts/data/gust/lm/latinmodern-math.otf fullname=D:/venvs/context-win64/tex/texmf/fonts/data/gust/lm/latinmodern-math.otf usedmethod=database
system          >   12: filename=modern-math.lfg filetype=tex foundname=D:/venvs/context-win64/tex/texmf-context/tex/context/fonts/mkiv/modern-math.lfg fullname=D:/venvs/context-win64/tex/texmf-context/tex/context/fonts/mkiv/modern-math.lfg usedmethod=database
system          >   13: filename=common-math.lfg filetype=tex foundname=D:/venvs/context-win64/tex/texmf-context/tex/context/fonts/mkiv/common-math.lfg fullname=D:/venvs/context-win64/tex/texmf-context/tex/context/fonts/mkiv/common-math.lfg usedmethod=database
system          >   14: filename=LatinModernMath-Companion.otf filetype=otf format=otf foundname=D:/venvs/context-win64/tex/texmf/fonts/data/cms/companion/LatinModernMath-Companion.otf fullname=D:/venvs/context-win64/tex/texmf/fonts/data/cms/companion/LatinModernMath-Companion.otf usedmethod=database
system          >   15: filename=simhei.ttf filetype=ttf format=ttf foundname=c:/windows/fonts/simhei.ttf fullname=c:/windows/fonts/simhei.ttf usedmethod=filesystem
system          >   16: filename=simfang.ttf filetype=ttf format=ttf foundname=c:/windows/fonts/simfang.ttf fullname=c:/windows/fonts/simfang.ttf usedmethod=filesystem
system          >   17: filename=metafun.mpxl filetype=mp foundname=D:/venvs/context-win64/tex/texmf-context/metapost/context/base/mpxl/metafun.mpxl fullname=D:/venvs/context-win64/tex/texmf-context/metapost/context/base/mpxl/metafun.mpxl usedmethod=database
system          >   18: filename=mp-base.mpxl filetype=mp foundname=D:/venvs/context-win64/tex/texmf-context/metapost/context/base/mpxl/mp-base.mpxl fullname=D:/venvs/context-win64/tex/texmf-context/metapost/context/base/mpxl/mp-base.mpxl usedmethod=database
system          >   19: filename=mp-tool.mpxl filetype=mp foundname=D:/venvs/context-win64/tex/texmf-context/metapost/context/base/mpxl/mp-tool.mpxl fullname=D:/venvs/context-win64/tex/texmf-context/metapost/context/base/mpxl/mp-tool.mpxl usedmethod=database
system          >   20: filename=mp-luas.mpxl filetype=mp foundname=D:/venvs/context-win64/tex/texmf-context/metapost/context/base/mpxl/mp-luas.mpxl fullname=D:/venvs/context-win64/tex/texmf-context/metapost/context/base/mpxl/mp-luas.mpxl usedmethod=database
system          >   21: filename=mp-mlib.mpxl filetype=mp foundname=D:/venvs/context-win64/tex/texmf-context/metapost/context/base/mpxl/mp-mlib.mpxl fullname=D:/venvs/context-win64/tex/texmf-context/metapost/context/base/mpxl/mp-mlib.mpxl usedmethod=database
system          >   22: filename=mp-math.mpxl filetype=mp foundname=D:/venvs/context-win64/tex/texmf-context/metapost/context/base/mpxl/mp-math.mpxl fullname=D:/venvs/context-win64/tex/texmf-context/metapost/context/base/mpxl/mp-math.mpxl usedmethod=database
system          >   23: filename=mp-cont.mpxl filetype=mp foundname=D:/venvs/context-win64/tex/texmf-context/metapost/context/base/mpxl/mp-cont.mpxl fullname=D:/venvs/context-win64/tex/texmf-context/metapost/context/base/mpxl/mp-cont.mpxl usedmethod=database
system          >   24: filename=mp-page.mpxl filetype=mp foundname=D:/venvs/context-win64/tex/texmf-context/metapost/context/base/mpxl/mp-page.mpxl fullname=D:/venvs/context-win64/tex/texmf-context/metapost/context/base/mpxl/mp-page.mpxl usedmethod=database
system          >   25: filename=mp-butt.mpxl filetype=mp foundname=D:/venvs/context-win64/tex/texmf-context/metapost/context/base/mpxl/mp-butt.mpxl fullname=D:/venvs/context-win64/tex/texmf-context/metapost/context/base/mpxl/mp-butt.mpxl usedmethod=database
system          >   26: filename=mp-shap.mpxl filetype=mp foundname=D:/venvs/context-win64/tex/texmf-context/metapost/context/base/mpxl/mp-shap.mpxl fullname=D:/venvs/context-win64/tex/texmf-context/metapost/context/base/mpxl/mp-shap.mpxl usedmethod=database
system          >   27: filename=mp-grph.mpxl filetype=mp foundname=D:/venvs/context-win64/tex/texmf-context/metapost/context/base/mpxl/mp-grph.mpxl fullname=D:/venvs/context-win64/tex/texmf-context/metapost/context/base/mpxl/mp-grph.mpxl usedmethod=database
system          >   28: filename=mp-grid.mpxl filetype=mp foundname=D:/venvs/context-win64/tex/texmf-context/metapost/context/base/mpxl/mp-grid.mpxl fullname=D:/venvs/context-win64/tex/texmf-context/metapost/context/base/mpxl/mp-grid.mpxl usedmethod=database
system          >   29: filename=mp-form.mpxl filetype=mp foundname=D:/venvs/context-win64/tex/texmf-context/metapost/context/base/mpxl/mp-form.mpxl fullname=D:/venvs/context-win64/tex/texmf-context/metapost/context/base/mpxl/mp-form.mpxl usedmethod=database
system          >   30: filename=mp-figs.mpxl filetype=mp foundname=D:/venvs/context-win64/tex/texmf-context/metapost/context/base/mpxl/mp-figs.mpxl fullname=D:/venvs/context-win64/tex/texmf-context/metapost/context/base/mpxl/mp-figs.mpxl usedmethod=database
system          >   31: filename=mp-func.mpxl filetype=mp foundname=D:/venvs/context-win64/tex/texmf-context/metapost/context/base/mpxl/mp-func.mpxl fullname=D:/venvs/context-win64/tex/texmf-context/metapost/context/base/mpxl/mp-func.mpxl usedmethod=database
system          >   32: filename=mp-node.mpxl filetype=mp foundname=D:/venvs/context-win64/tex/texmf-context/metapost/context/base/mpxl/mp-node.mpxl fullname=D:/venvs/context-win64/tex/texmf-context/metapost/context/base/mpxl/mp-node.mpxl usedmethod=database
system          >   33: filename=mp-apos.mpxl filetype=mp foundname=D:/venvs/context-win64/tex/texmf-context/metapost/context/base/mpxl/mp-apos.mpxl fullname=D:/venvs/context-win64/tex/texmf-context/metapost/context/base/mpxl/mp-apos.mpxl usedmethod=database
system          >   34: filename=mp-abck.mpxl filetype=mp foundname=D:/venvs/context-win64/tex/texmf-context/metapost/context/base/mpxl/mp-abck.mpxl fullname=D:/venvs/context-win64/tex/texmf-context/metapost/context/base/mpxl/mp-abck.mpxl usedmethod=database
system          >   35: filename=mp-asnc.mpxl filetype=mp foundname=D:/venvs/context-win64/tex/texmf-context/metapost/context/base/mpxl/mp-asnc.mpxl fullname=D:/venvs/context-win64/tex/texmf-context/metapost/context/base/mpxl/mp-asnc.mpxl usedmethod=database
system          >   36: filename=mp-blob.mpxl filetype=mp foundname=D:/venvs/context-win64/tex/texmf-context/metapost/context/base/mpxl/mp-blob.mpxl fullname=D:/venvs/context-win64/tex/texmf-context/metapost/context/base/mpxl/mp-blob.mpxl usedmethod=database
system          >   37: filename=mp-lmtx.mpxl filetype=mp foundname=D:/venvs/context-win64/tex/texmf-context/metapost/context/base/mpxl/mp-lmtx.mpxl fullname=D:/venvs/context-win64/tex/texmf-context/metapost/context/base/mpxl/mp-lmtx.mpxl usedmethod=database
system          >   38: filename=mp-text.mpxl filetype=mp foundname=D:/venvs/context-win64/tex/texmf-context/metapost/context/base/mpxl/mp-text.mpxl fullname=D:/venvs/context-win64/tex/texmf-context/metapost/context/base/mpxl/mp-text.mpxl usedmethod=database
system          >   39: filename=lpdf-pdx.xml filetype=tex foundname=D:/venvs/context-win64/tex/texmf-context/tex/context/base/mkiv/lpdf-pdx.xml fullname=D:/venvs/context-win64/tex/texmf-context/tex/context/base/mkiv/lpdf-pdx.xml usedmethod=database
system          > stop used files
system          > start commandline options
system          >   currentrun="1"
system          >   fulljobname="d:/ah21/TEX/ConTeXt-template-for-slide/slide.lmtx"
system          >   input="d:/ah21/TEX/ConTeXt-template-for-slide/slide.lmtx"
system          >   kindofrun="1"
system          >   maxnofruns="9"
system          >   texmfbinpath="D:/venvs/context-win64/tex/texmf-win64/bin"
system          > stop commandline options
system          > start commandline files
system          >    1: d:/ah21/TEX/ConTeXt-template-for-slide/slide.lmtx
system          > stop commandline files
modules         > start used modules
modules         > stop used modules
system          > 
system          > status after finishing run
system          > 
system          >   -----------------------------------------------------------------------------------------------------------------------------------------------------------------------------------
system          >           string       pool       hash     lookup       node      token     buffer      input       file       nest  parameter       save       font   language       mark     insert
system          >   -----------------------------------------------------------------------------------------------------------------------------------------------------------------------------------
system          >   max    2097152  100000000    2097152    2097152  100000000   10000000  100000000     100000       2000      10000     100000     500000     100000      10000      10000        500
system          >   min     150000   10000000     150000     150000    2000000    1000000    1000000      10000        500       1000      20000     100000        250        250         50         10
system          >   set     500000   10000000     250000     250000   50000000   10000000   10000000     100000       2000      10000     100000     500000     100000        250        250        250
system          >   stp     100000    1000000     100000     100000     500000     250000    1000000      10000        250       1000      10000      10000        250        250         50         25
system          > 
system          >   mem     150000    1040584     150000               2000000    1000000    1000000      10000        500       1000      20000      10000   20093808        144       1200        320
system          >   all    2400000    1040584    2400000              18000000    8000000    1000000     320000      16000      88000      80000     160000   20093808        144      28800      10240
system          > 
system          >   ini    2146318     933519          0      49149          0     544819                                                                                       0                      
system          >   ptr      54360                 11558      54343                675362          0          5          0          0          0          0         25          0         28          8
system          >   top      54361                807100     131074     122181     624020        398         39          9         17         39        386        250        250         50         10
system          >   -----------------------------------------------------------------------------------------------------------------------------------------------------------------------------------
system          > 
system          >   current input type    : initial
system          > 
system          >   approximate memory    : 58924240 (56 MB)
system          > 
system          >   expansion depth       : min: 10000, max: 1000000, set: 10000, top: 11
system          > 
system          >   luabytecode registers : 1017
system          >   luabytecode bytes     : 16288 (0 MB)
system          >   luastate bytes now    : 190025978 (181 MB)
system          >   luastate bytes max    : 190728674 (181 MB)
system          > 
system          >   file callbacks        : 654
system          >   saved callbacks       : 8099
system          >   direct callbacks      : 2
system          >   function callbacks    : 6440
system          >   value callbacks       : 1123
system          >   message callbacks     : 0
system          >   bytecode callbacks    : 621
system          > 
system          >   mp instances          : 1
system          >   mp estimated memory   : 4276368 (4 MB)
system          >   mp file callbacks     : 14510
system          >   mp text callbacks     : 0
system          >   mp script callbacks   : 581
system          >   mp log callbacks      : 176
system          > 
system          >   total callbacks       : 16939
system          >   mp total callbacks    : 15267
system          >   backend callbacks     : 0
system          > 
mkiv lua stats  > used config file: selfautoparent:/texmf/web2c/texmfcnf.lua
mkiv lua stats  > used cache path: D:/venvs/context-win64/tex/texmf-cache/luametatex-cache/context/5fe67e0bfe781ce0dde776fb1556f32e
mkiv lua stats  > resource resolver: loadtime 0.006 seconds, 0 scans with scantime 0.000 seconds, 0 shared scans, 39 found files, scanned paths: <none>
mkiv lua stats  > stored bytecode data: 517 modules (0.267 sec), 104 tables (0.014 sec), 621 chunks (0.281 sec)
mkiv lua stats  > traced context: maxstack: 1765, freed: 2, unreachable: 1763
mkiv lua stats  > cleaned up reserved nodes: 82 nodes, 9 lists of 439
mkiv lua stats  > node memory usage: 21 attribute, 3 glue, 222 gluespec, 1 kern, 661 mathspec, 4 penalty, 2 temp
mkiv lua stats  > node list callback tasks: 16 unique task lists, 12 instances (re)created, 2507 calls
mkiv lua stats  > attribute processing time: 0.016 seconds front- and backend
mkiv lua stats  > driver time: 0.038 seconds 
mkiv lua stats  > used backend: pdf
mkiv lua stats  > jobdata time: 0.003 seconds saving, 0.001 seconds loading
mkiv lua stats  > callbacks: file: 654, saved: 8099, direct: 2, function: 6440, value: 1123, message: 0, bytecode: 621, late 0, total: 16939 (627 per page)
mkiv lua stats  > randomizer: resumed with value 0.18514571817597
mkiv lua stats  > loaded patterns: cn::58 en::1, load time: 0.000
mkiv lua stats  > interactive elements: 0 references, 17 destinations
mkiv lua stats  > loaded fonts: 5 files: simfang.ttf, simhei.ttf, simkai.ttf, latinmodernmath-companion.otf, latinmodern-math.otf
mkiv lua stats  > font engine: otf 3.141, afm 1.540, tfm 1.000, 19 instances, 12 shared in backend, 4 common vectors, 8 common hashes, load time 0.755 seconds 
mkiv lua stats  > body font sizes: defined: 10pt 11pt 12pt 14.4pt 17.3pt 20.7pt 4pt 5pt 6pt 7pt 8pt 9pt, undefined: 30pt
mkiv lua stats  > metapost: 0.009 seconds, loading: 0.046, execution: 0.007, n: 29, average: 0.002, instances: 1, luacalls: 15267 (file: 14510, text: 0, script: 581, log: 176), memory: 4.078 M
mkiv lua stats  > math tweaking time: 0.113 seconds, 12 math goodie tables
mkiv lua stats  > page group warning: transparencies are used but no pagecolormodel is set
mkiv lua stats  > font embedding time: 0.090 seconds, 4 fonts
mkiv lua stats  > result saved in file: d:/ah21/TEX/ConTeXt-template-for-slide/slide.pdf, compresslevel 1, objectcompresslevel 3, 44 streams, 0 uncompressed, 39 compressed, 5 not compressed, threshold 40
mkiv lua stats  > positions: 58 collected, 51 deltas, 53 shared partials, 1 partial entries
mkiv lua stats  > used platform: win64, type: windows, binary subtree: texmf-win64
mkiv lua stats  > used engine: luametatex version: 2.11.02, functionality level: 20240311, format id: 700, compiler: gcc
mkiv lua stats  > tex properties: 807100 hash slots used of 2097152, 54343 control sequences, approximate memory usage: 56 MB
mkiv lua stats  > lua properties: engine: lua 5.5, used memory: 185 MB, ctx: 181 MB, max: 181 MB, symbol mask: utf (τεχ)
mkiv lua stats  > runtime: 1.642 seconds, 27 processed pages, 27 shipped pages, 16.442 pages/second
